2026-01-19T15:46:22.153-05:00  INFO [api-gateway,,] 14029 --- [api-gateway] [main] [                                                 ] c.example.ApiGatewayServerApplication    : Starting ApiGatewayServerApplication using Java 17.0.16 with PID 14029 (/Users/ricardoyalico/Desktop/Projects/tracking-test/api-gateway/target/classes started by ricardoyalico in /Users/ricardoyalico/Desktop/Projects/tracking-test/api-gateway)
2026-01-19T15:46:22.155-05:00  INFO [api-gateway,,] 14029 --- [api-gateway] [main] [                                                 ] c.example.ApiGatewayServerApplication    : No active profile set, falling back to 1 default profile: "default"
2026-01-19T15:46:22.835-05:00 ERROR [api-gateway,,] 14029 --- [api-gateway] [main] [                                                 ] i.n.r.d.DnsServerAddressStreamProviders  : Unable to load io.netty.resolver.dns.macos.MacOSDnsServerAddressStreamProvider, fallback to system defaults. This may result in incorrect DNS resolutions on MacOS. Check whether you have a dependency on 'io.netty:netty-resolver-dns-native-macos'. Use DEBUG level to see the full stack: java.lang.UnsatisfiedLinkError: failed to load the required native library
2026-01-19T15:46:23.001-05:00  INFO [api-gateway,,] 14029 --- [api-gateway] [main] [                                                 ] o.s.b.a.e.web.EndpointLinksResolver      : Exposing 14 endpoint(s) beneath base path '/actuator'
2026-01-19T15:46:23.135-05:00  INFO [api-gateway,,] 14029 --- [api-gateway] [main] [                                                 ] o.s.b.web.embedded.netty.NettyWebServer  : Netty started on port 8081
2026-01-19T15:46:23.150-05:00  INFO [api-gateway,,] 14029 --- [api-gateway] [main] [                                                 ] c.example.ApiGatewayServerApplication    : Started ApiGatewayServerApplication in 1.243 seconds (process running for 1.444)
2026-01-19T15:46:28.429-05:00  INFO [api-gateway,33f03ec4b963ac19b1eb6ee57b3d2c93,955c20b2032f0bb2] 14029 --- [api-gateway] [reactor-http-nio-4] [33f03ec4b963ac19b1eb6ee57b3d2c93-955c20b2032f0bb2] c.e.controller.ApiGatewayController      : Request recibida para obtener todos los usuarios
2026-01-19T15:46:28.621-05:00  INFO [api-gateway,33f03ec4b963ac19b1eb6ee57b3d2c93,955c20b2032f0bb2] 14029 --- [api-gateway] [reactor-http-nio-4] [33f03ec4b963ac19b1eb6ee57b3d2c93-955c20b2032f0bb2] c.e.controller.ApiGatewayController      : Usuario recibido: 1
2026-01-19T15:46:28.627-05:00  INFO [api-gateway,33f03ec4b963ac19b1eb6ee57b3d2c93,955c20b2032f0bb2] 14029 --- [api-gateway] [reactor-http-nio-4] [33f03ec4b963ac19b1eb6ee57b3d2c93-955c20b2032f0bb2] c.e.controller.ApiGatewayController      : Usuario recibido: 2
2026-01-19T15:46:28.628-05:00  INFO [api-gateway,33f03ec4b963ac19b1eb6ee57b3d2c93,955c20b2032f0bb2] 14029 --- [api-gateway] [reactor-http-nio-4] [33f03ec4b963ac19b1eb6ee57b3d2c93-955c20b2032f0bb2] c.e.controller.ApiGatewayController      : Usuario recibido: 3
2026-01-19T15:47:57.989-05:00  INFO [api-gateway,8a51b3c54a3e657a156885f4d9a33859,60a5d9488a8868cc] 14029 --- [api-gateway] [reactor-http-nio-6] [8a51b3c54a3e657a156885f4d9a33859-60a5d9488a8868cc] c.e.controller.ApiGatewayController      : Request recibida para obtener todos los usuarios
2026-01-19T15:47:58.006-05:00  INFO [api-gateway,8a51b3c54a3e657a156885f4d9a33859,60a5d9488a8868cc] 14029 --- [api-gateway] [reactor-http-nio-4] [8a51b3c54a3e657a156885f4d9a33859-60a5d9488a8868cc] c.e.controller.ApiGatewayController      : Usuario recibido: 1
2026-01-19T15:47:58.008-05:00  INFO [api-gateway,8a51b3c54a3e657a156885f4d9a33859,60a5d9488a8868cc] 14029 --- [api-gateway] [reactor-http-nio-6] [8a51b3c54a3e657a156885f4d9a33859-60a5d9488a8868cc] c.e.controller.ApiGatewayController      : Usuario recibido: 2
2026-01-19T15:47:58.008-05:00  INFO [api-gateway,8a51b3c54a3e657a156885f4d9a33859,60a5d9488a8868cc] 14029 --- [api-gateway] [reactor-http-nio-6] [8a51b3c54a3e657a156885f4d9a33859-60a5d9488a8868cc] c.e.controller.ApiGatewayController      : Usuario recibido: 3
2026-01-19T16:41:11.874-05:00  INFO [api-gateway,,] 15424 --- [api-gateway] [main] [                                                 ] c.example.ApiGatewayServerApplication    : Starting ApiGatewayServerApplication using Java 17.0.16 with PID 15424 (/Users/ricardoyalico/Desktop/Projects/tracking-test/api-gateway/target/classes started by ricardoyalico in /Users/ricardoyalico/Desktop/Projects/tracking-test/api-gateway)
2026-01-19T16:41:11.876-05:00  INFO [api-gateway,,] 15424 --- [api-gateway] [main] [                                                 ] c.example.ApiGatewayServerApplication    : No active profile set, falling back to 1 default profile: "default"
2026-01-19T16:41:12.502-05:00 ERROR [api-gateway,,] 15424 --- [api-gateway] [main] [                                                 ] i.n.r.d.DnsServerAddressStreamProviders  : Unable to load io.netty.resolver.dns.macos.MacOSDnsServerAddressStreamProvider, fallback to system defaults. This may result in incorrect DNS resolutions on MacOS. Check whether you have a dependency on 'io.netty:netty-resolver-dns-native-macos'. Use DEBUG level to see the full stack: java.lang.UnsatisfiedLinkError: failed to load the required native library
2026-01-19T16:41:12.646-05:00  INFO [api-gateway,,] 15424 --- [api-gateway] [main] [                                                 ] o.s.b.a.e.web.EndpointLinksResolver      : Exposing 14 endpoint(s) beneath base path '/actuator'
2026-01-19T16:41:12.779-05:00  INFO [api-gateway,,] 15424 --- [api-gateway] [main] [                                                 ] o.s.b.web.embedded.netty.NettyWebServer  : Netty started on port 8081
2026-01-19T16:41:12.792-05:00  INFO [api-gateway,,] 15424 --- [api-gateway] [main] [                                                 ] c.example.ApiGatewayServerApplication    : Started ApiGatewayServerApplication in 1.229 seconds (process running for 1.423)
2026-01-19T16:41:43.350-05:00  INFO [api-gateway,9e81294f401d60818710b648fecfbe49,fd9260fa16b0de38] 15424 --- [api-gateway] [reactor-http-nio-4] [9e81294f401d60818710b648fecfbe49-fd9260fa16b0de38] c.e.controller.ApiGatewayController      : Request recibida para obtener todos los usuarios
2026-01-19T16:41:43.552-05:00  INFO [api-gateway,9e81294f401d60818710b648fecfbe49,fd9260fa16b0de38] 15424 --- [api-gateway] [reactor-http-nio-4] [9e81294f401d60818710b648fecfbe49-fd9260fa16b0de38] c.e.controller.ApiGatewayController      : Usuario recibido: 1
2026-01-19T16:41:43.560-05:00  INFO [api-gateway,9e81294f401d60818710b648fecfbe49,fd9260fa16b0de38] 15424 --- [api-gateway] [reactor-http-nio-4] [9e81294f401d60818710b648fecfbe49-fd9260fa16b0de38] c.e.controller.ApiGatewayController      : Usuario recibido: 2
2026-01-19T16:41:43.561-05:00  INFO [api-gateway,9e81294f401d60818710b648fecfbe49,fd9260fa16b0de38] 15424 --- [api-gateway] [reactor-http-nio-4] [9e81294f401d60818710b648fecfbe49-fd9260fa16b0de38] c.e.controller.ApiGatewayController      : Usuario recibido: 3
